<?xml version="1.0" encoding="UTF-8"?>
<testng-results skipped="0" failed="0" total="2" passed="2">
  <reporter-output>
  </reporter-output>
  <suite name="Default suite" duration-ms="6711" started-at="2014-03-03T22:57:49Z" finished-at="2014-03-03T22:57:56Z">
    <groups>
    </groups>
    <test name="Default test" duration-ms="6711" started-at="2014-03-03T22:57:49Z" finished-at="2014-03-03T22:57:56Z">
      <class name="search.SearchTest">
        <test-method status="PASS" signature="setUp()[pri:0, instance:search.SearchTest@3e04f69a]" name="setUp" is-config="true" duration-ms="4" started-at="2014-03-03T22:57:49Z" finished-at="2014-03-03T22:57:49Z">
          <reporter-output>
          </reporter-output>
        </test-method> <!-- setUp -->
        <test-method status="PASS" signature="testBFS()[pri:0, instance:search.SearchTest@3e04f69a]" name="testBFS" duration-ms="6261" started-at="2014-03-03T22:57:49Z" finished-at="2014-03-03T22:57:55Z">
          <reporter-output>
          </reporter-output>
        </test-method> <!-- testBFS -->
        <test-method status="PASS" signature="setUp()[pri:0, instance:search.SearchTest@3e04f69a]" name="setUp" is-config="true" duration-ms="0" started-at="2014-03-03T22:57:55Z" finished-at="2014-03-03T22:57:55Z">
          <reporter-output>
          </reporter-output>
        </test-method> <!-- setUp -->
        <test-method status="PASS" signature="testDFS()[pri:0, instance:search.SearchTest@3e04f69a]" name="testDFS" duration-ms="435" started-at="2014-03-03T22:57:55Z" finished-at="2014-03-03T22:57:56Z">
          <reporter-output>
          </reporter-output>
        </test-method> <!-- testDFS -->
      </class> <!-- search.SearchTest -->
    </test> <!-- Default test -->
  </suite> <!-- Default suite -->
</testng-results>
