<?xml version="1.0" encoding="UTF-8"?>
<testng-results skipped="0" failed="0" total="3" passed="3">
  <reporter-output>
  </reporter-output>
  <suite name="Default suite" duration-ms="10046" started-at="2014-03-25T13:50:40Z" finished-at="2014-03-25T13:50:50Z">
    <groups>
    </groups>
    <test name="Default test" duration-ms="10046" started-at="2014-03-25T13:50:40Z" finished-at="2014-03-25T13:50:50Z">
      <class name="search.SearchTest">
        <test-method status="PASS" signature="testAstar()[pri:0, instance:search.SearchTest@b1f3c4e]" name="testAstar" duration-ms="3918" started-at="2014-03-25T13:50:40Z" finished-at="2014-03-25T13:50:44Z">
          <reporter-output>
          </reporter-output>
        </test-method> <!-- testAstar -->
        <test-method status="PASS" signature="testBFS()[pri:0, instance:search.SearchTest@b1f3c4e]" name="testBFS" duration-ms="6070" started-at="2014-03-25T13:50:44Z" finished-at="2014-03-25T13:50:50Z">
          <reporter-output>
          </reporter-output>
        </test-method> <!-- testBFS -->
        <test-method status="PASS" signature="testDFS()[pri:0, instance:search.SearchTest@b1f3c4e]" name="testDFS" duration-ms="47" started-at="2014-03-25T13:50:50Z" finished-at="2014-03-25T13:50:50Z">
          <reporter-output>
          </reporter-output>
        </test-method> <!-- testDFS -->
      </class> <!-- search.SearchTest -->
    </test> <!-- Default test -->
  </suite> <!-- Default suite -->
</testng-results>
